<?xml version="1.0" encoding="UTF-8"?>
<!-- Generated by org.testng.reporters.JUnitReportReporter -->
<testsuite hostname="fv-az91-158" failures="0" tests="2" name="runner.TestRunner" time="4.875" errors="0" timestamp="2022-12-01T14:49:31 UTC" skipped="0">
  <testcase classname="runner.TestRunner" name="runScenario" time="3.888"/>
  <system-out/>
  <testcase classname="runner.TestRunner" name="runScenario" time="0.987"/>
  <system-out/>
</testsuite> <!-- runner.TestRunner -->
