<?xml version="1.0" encoding="UTF-8"?>
<!-- Generated by org.testng.reporters.JUnitReportReporter -->
<testsuite hostname="fv-az196-317" failures="0" tests="2" name="runner.TestRunner" time="3.955" errors="0" timestamp="2022-12-01T23:55:23 UTC" skipped="0">
  <testcase classname="runner.TestRunner" name="runScenario" time="3.169"/>
  <system-out/>
  <testcase classname="runner.TestRunner" name="runScenario" time="0.786"/>
  <system-out/>
</testsuite> <!-- runner.TestRunner -->
